#
# There is insufficient memory for the Java Runtime Environment to continue.
# Native memory allocation (malloc) failed to allocate 1048576 bytes for AllocateHeap
# Possible reasons:
#   The system is out of physical RAM or swap space
#   The process is running with CompressedOops enabled, and the Java Heap may be blocking the growth of the native heap
# Possible solutions:
#   Reduce memory load on the system
#   Increase physical memory or swap space
#   Check if swap backing store is full
#   Decrease Java heap size (-Xmx/-Xms)
#   Decrease number of Java threads
#   Decrease Java thread stack sizes (-Xss)
#   Set larger code cache with -XX:ReservedCodeCacheSize=
#   JVM is running with Unscaled Compressed Oops mode in which the Java heap is
#     placed in the first 4GB address space. The Java Heap base address is the
#     maximum limit for the native heap growth. Please use -XX:HeapBaseMinAddress
#     to set the Java Heap base and to place the Java Heap above 4GB virtual address.
# This output file may be truncated or incomplete.
#
#  Out of Memory Error (allocation.cpp:44), pid=13420, tid=20056
#
# JRE version:  (17.0.9+9) (build )
# Java VM: OpenJDK 64-Bit Server VM (17.0.9+9, mixed mode, tiered, compressed oops, compressed class ptrs, parallel gc, windows-amd64)
# No core dump will be written. Minidumps are not enabled by default on client versions of Windows
#

---------------  S U M M A R Y ------------

Command Line: --add-modules=ALL-SYSTEM --add-opens=java.base/java.util=ALL-UNNAMED --add-opens=java.base/java.lang=ALL-UNNAMED --add-opens=java.base/sun.nio.fs=ALL-UNNAMED -Declipse.application=org.eclipse.jdt.ls.core.id1 -Dosgi.bundles.defaultStartLevel=4 -Declipse.product=org.eclipse.jdt.ls.core.product -Djava.import.generatesMetadataFilesAtProjectRoot=false -DDetectVMInstallationsJob.disabled=true -Dfile.encoding=shiftjis -XX:+UseParallelGC -XX:GCTimeRatio=4 -XX:AdaptiveSizePolicyWeight=90 -Dsun.zip.disableMemoryMapping=true -Xmx1G -Xms100m -Xlog:disable -javaagent:c:\Users\hario\.vscode\extensions\redhat.java-1.25.1-win32-x64\lombok\lombok-1.18.30.jar c:\Users\hario\.vscode\extensions\redhat.java-1.25.1-win32-x64\server\plugins\org.eclipse.equinox.launcher_1.6.600.v20231106-1826.jar -configuration c:\Users\hario\AppData\Roaming\Code\User\globalStorage\redhat.java\1.25.1\config_ss_win -data c:\Users\hario\AppData\Roaming\Code\User\workspaceStorage\e01b387a9d3246638b8d7eb085790fa4\redhat.java\ss_ws --stdio

Host: Intel(R) Core(TM) i7-7700HQ CPU @ 2.80GHz, 8 cores, 15G,  Windows 10 , 64 bit Build 19041 (10.0.19041.3636)
Time: Wed Dec 27 23:31:37 2023  Windows 10 , 64 bit Build 19041 (10.0.19041.3636) elapsed time: 0.142278 seconds (0d 0h 0m 0s)

---------------  T H R E A D  ---------------

Current thread (0x000001b5e8e1e180):  JavaThread "Unknown thread" [_thread_in_vm, id=20056, stack(0x000000432df00000,0x000000432e000000)]

Stack: [0x000000432df00000,0x000000432e000000]
Native frames: (J=compiled Java code, j=interpreted, Vv=VM code, C=native code)
V  [jvm.dll+0x67cf49]
V  [jvm.dll+0x83478a]
V  [jvm.dll+0x83624e]
V  [jvm.dll+0x8368b3]
V  [jvm.dll+0x247f1f]
V  [jvm.dll+0xa6b4b]
V  [jvm.dll+0x6afb96]
V  [jvm.dll+0x6b076f]
V  [jvm.dll+0x689683]
V  [jvm.dll+0x80674b]
V  [jvm.dll+0x36cfb4]
V  [jvm.dll+0x7e4aac]
V  [jvm.dll+0x3f07af]
V  [jvm.dll+0x3f23e1]
C  [jli.dll+0x528f]
C  [ucrtbase.dll+0x21bb2]
C  [KERNEL32.DLL+0x17344]
C  [ntdll.dll+0x526b1]


---------------  P R O C E S S  ---------------

Threads class SMR info:
_java_thread_list=0x00007ffcdec3ee98, length=0, elements={
}

Java Threads: ( => current thread )

Other Threads:
  0x000001b5e8e34b00 GCTaskThread "GC Thread#0" [stack: 0x000000432e000000,0x000000432e100000] [id=22028]

=>0x000001b5e8e1e180 (exited) JavaThread "Unknown thread" [_thread_in_vm, id=20056, stack(0x000000432df00000,0x000000432e000000)]

Threads with active compile tasks:

VM state: not at safepoint (normal execution)

VM Mutex/Monitor currently owned by a thread: None

Heap address: 0x00000000c0000000, size: 1024 MB, Compressed Oops mode: 32-bit

CDS archive(s) not mapped
Compressed class space mapped at: 0x0000000100000000-0x0000000140000000, reserved size: 1073741824
Narrow klass base: 0x0000000000000000, Narrow klass shift: 3, Narrow klass range: 0x140000000

GC Precious Log:
 CPUs: 8 total, 8 available
 Memory: 16275M
 Large Page Support: Disabled
 NUMA Support: Disabled
 Compressed Oops: Enabled (32-bit)
 Alignments: Space 512K, Generation 512K, Heap 2M
 Heap Min Capacity: 100M
 Heap Initial Capacity: 100M
 Heap Max Capacity: 1G
 Pre-touch: Disabled
 Parallel Workers: 8

Heap:
 PSYoungGen      total 29696K, used 512K [0x00000000eab00000, 0x00000000ecc00000, 0x0000000100000000)
  eden space 25600K, 2% used [0x00000000eab00000,0x00000000eab80070,0x00000000ec400000)
  from space 4096K, 0% used [0x00000000ec800000,0x00000000ec800000,0x00000000ecc00000)
  to   space 4096K, 0% used [0x00000000ec400000,0x00000000ec400000,0x00000000ec800000)
 ParOldGen       total 68608K, used 0K [0x00000000c0000000, 0x00000000c4300000, 0x00000000eab00000)
  object space 68608K, 0% used [0x00000000c0000000,0x00000000c0000000,0x00000000c4300000)
 Metaspace       used 1149K, committed 1216K, reserved 1114112K
  class space    used 101K, committed 128K, reserved 1048576K

Card table byte_map: [0x000001b5e87b0000,0x000001b5e89c0000] _byte_map_base: 0x000001b5e81b0000

Marking Bits: (ParMarkBitMap*) 0x00007ffcdecad0b0
 Begin Bits: [0x000001b5faa80000, 0x000001b5fba80000)
 End Bits:   [0x000001b5fba80000, 0x000001b5fca80000)

Polling page: 0x000001b5e85a0000

Metaspace:

Usage:
  Non-class:      1.02 MB used.
      Class:    101.05 KB used.
       Both:      1.12 MB used.

Virtual space:
  Non-class space:       64.00 MB reserved,       1.06 MB (  2%) committed,  1 nodes.
      Class space:        1.00 GB reserved,     128.00 KB ( <1%) committed,  1 nodes.
             Both:        1.06 GB reserved,       1.19 MB ( <1%) committed. 

Chunk freelists:
   Non-Class:  12.00 MB
       Class:  15.75 MB
        Both:  27.75 MB

MaxMetaspaceSize: unlimited
CompressedClassSpaceSize: 1.00 GB
Initial GC threshold: 21.00 MB
Current GC threshold: 17179869184.00 GB
CDS: off
MetaspaceReclaimPolicy: balanced
 - commit_granule_bytes: 65536.
 - commit_granule_words: 8192.
 - virtual_space_node_default_size: 8388608.
 - enlarge_chunks_in_place: 1.
 - new_chunks_are_fully_committed: 0.
 - uncommit_free_chunks: 1.
 - use_allocation_guard: 0.
 - handle_deallocations: 1.


Internal statistics:

num_allocs_failed_limit: 0.
num_arena_births: 2.
num_arena_deaths: 0.
num_vsnodes_births: 2.
num_vsnodes_deaths: 0.
num_space_committed: 19.
num_space_uncommitted: 0.
num_chunks_returned_to_freelist: 0.
num_chunks_taken_from_freelist: 3.
num_chunk_merges: 0.
num_chunk_splits: 2.
num_chunks_enlarged: 0.
num_inconsistent_stats: 0.

CodeHeap 'non-profiled nmethods': size=120000Kb used=0Kb max_used=0Kb free=120000Kb
 bounds [0x000001b5f3550000, 0x000001b5f37c0000, 0x000001b5faa80000]
CodeHeap 'profiled nmethods': size=120000Kb used=0Kb max_used=0Kb free=120000Kb
 bounds [0x000001b5eba80000, 0x000001b5ebcf0000, 0x000001b5f2fb0000]
CodeHeap 'non-nmethods': size=5760Kb used=202Kb max_used=353Kb free=5557Kb
 bounds [0x000001b5f2fb0000, 0x000001b5f3220000, 0x000001b5f3550000]
 total_blobs=66 nmethods=0 adapters=47
 compilation: enabled
              stopped_count=0, restarted_count=0
 full_count=0

Compilation events (0 events):
No events

GC Heap History (0 events):
No events

Dll operation events (1 events):
Event: 0.017 Loaded shared library c:\Users\hario\.vscode\extensions\redhat.java-1.25.1-win32-x64\jre\17.0.9-win32-x86_64\bin\java.dll

Deoptimization events (0 events):
No events

Classes unloaded (0 events):
No events

Classes redefined (0 events):
No events

Internal exceptions (0 events):
No events

VM Operations (0 events):
No events

Events (20 events):
Event: 0.103 loading class java/lang/Long
Event: 0.103 loading class java/lang/Long done
Event: 0.103 loading class java/util/Iterator
Event: 0.104 loading class java/util/Iterator done
Event: 0.104 loading class java/lang/reflect/RecordComponent
Event: 0.104 loading class java/lang/reflect/RecordComponent done
Event: 0.104 loading class jdk/internal/vm/vector/VectorSupport
Event: 0.104 loading class jdk/internal/vm/vector/VectorSupport done
Event: 0.104 loading class jdk/internal/vm/vector/VectorSupport$VectorPayload
Event: 0.104 loading class jdk/internal/vm/vector/VectorSupport$VectorPayload done
Event: 0.104 loading class jdk/internal/vm/vector/VectorSupport$Vector
Event: 0.104 loading class jdk/internal/vm/vector/VectorSupport$Vector done
Event: 0.104 loading class jdk/internal/vm/vector/VectorSupport$VectorMask
Event: 0.105 loading class jdk/internal/vm/vector/VectorSupport$VectorMask done
Event: 0.105 loading class jdk/internal/vm/vector/VectorSupport$VectorShuffle
Event: 0.105 loading class jdk/internal/vm/vector/VectorSupport$VectorShuffle done
Event: 0.109 loading class java/lang/NullPointerException
Event: 0.109 loading class java/lang/NullPointerException done
Event: 0.109 loading class java/lang/ArithmeticException
Event: 0.109 loading class java/lang/ArithmeticException done


Dynamic libraries:
0x00007ff689970000 - 0x00007ff68997e000 	c:\Users\hario\.vscode\extensions\redhat.java-1.25.1-win32-x64\jre\17.0.9-win32-x86_64\bin\java.exe
0x00007ffd566d0000 - 0x00007ffd568c8000 	C:\WINDOWS\SYSTEM32\ntdll.dll
0x00007ffd54f60000 - 0x00007ffd5501d000 	C:\WINDOWS\System32\KERNEL32.DLL
0x00007ffd54130000 - 0x00007ffd54426000 	C:\WINDOWS\System32\KERNELBASE.dll
0x00007ffd54030000 - 0x00007ffd54130000 	C:\WINDOWS\System32\ucrtbase.dll
0x00007ffd458f0000 - 0x00007ffd45907000 	c:\Users\hario\.vscode\extensions\redhat.java-1.25.1-win32-x64\jre\17.0.9-win32-x86_64\bin\jli.dll
0x00007ffd3a590000 - 0x00007ffd3a5ab000 	c:\Users\hario\.vscode\extensions\redhat.java-1.25.1-win32-x64\jre\17.0.9-win32-x86_64\bin\VCRUNTIME140.dll
0x00007ffd56200000 - 0x00007ffd5639e000 	C:\WINDOWS\System32\USER32.dll
0x00007ffd544b0000 - 0x00007ffd544d2000 	C:\WINDOWS\System32\win32u.dll
0x00007ffd550d0000 - 0x00007ffd550fc000 	C:\WINDOWS\System32\GDI32.dll
0x00007ffd53db0000 - 0x00007ffd53eca000 	C:\WINDOWS\System32\gdi32full.dll
0x00007ffd40d00000 - 0x00007ffd40f9a000 	C:\WINDOWS\WinSxS\amd64_microsoft.windows.common-controls_6595b64144ccf1df_6.0.19041.3636_none_60b6a03d71f818d5\COMCTL32.dll
0x00007ffd54620000 - 0x00007ffd546bd000 	C:\WINDOWS\System32\msvcp_win.dll
0x00007ffd54e40000 - 0x00007ffd54ede000 	C:\WINDOWS\System32\msvcrt.dll
0x00007ffd55ee0000 - 0x00007ffd55f10000 	C:\WINDOWS\System32\IMM32.DLL
0x00007ffd42780000 - 0x00007ffd42984000 	C:\WINDOWS\system32\tmumh\20019\AddOn\8.55.0.1275\TmUmEvt64.dll
0x00007ffd55100000 - 0x00007ffd55108000 	C:\WINDOWS\System32\PSAPI.DLL
0x00007ffd55020000 - 0x00007ffd550cf000 	C:\WINDOWS\System32\ADVAPI32.dll
0x00007ffd55d30000 - 0x00007ffd55dcc000 	C:\WINDOWS\System32\sechost.dll
0x00007ffd560d0000 - 0x00007ffd561f6000 	C:\WINDOWS\System32\RPCRT4.dll
0x000000005a6e0000 - 0x000000005a86e000 	C:\WINDOWS\system32\tmumh\20019\TmMon\2.9.0.1100\tmmon64.dll
0x00007ffd4f7b0000 - 0x00007ffd4f7bc000 	c:\Users\hario\.vscode\extensions\redhat.java-1.25.1-win32-x64\jre\17.0.9-win32-x86_64\bin\vcruntime140_1.dll
0x00007ffd19d80000 - 0x00007ffd19e0d000 	c:\Users\hario\.vscode\extensions\redhat.java-1.25.1-win32-x64\jre\17.0.9-win32-x86_64\bin\msvcp140.dll
0x00007ffcde110000 - 0x00007ffcded71000 	c:\Users\hario\.vscode\extensions\redhat.java-1.25.1-win32-x64\jre\17.0.9-win32-x86_64\bin\server\jvm.dll
0x00007ffd53360000 - 0x00007ffd533ab000 	C:\WINDOWS\SYSTEM32\POWRPROF.dll
0x00007ffd3f470000 - 0x00007ffd3f479000 	C:\WINDOWS\SYSTEM32\WSOCK32.dll
0x00007ffd56620000 - 0x00007ffd5668b000 	C:\WINDOWS\System32\WS2_32.dll
0x00007ffd440b0000 - 0x00007ffd440d7000 	C:\WINDOWS\SYSTEM32\WINMM.dll
0x00007ffd4b6d0000 - 0x00007ffd4b6da000 	C:\WINDOWS\SYSTEM32\VERSION.dll
0x00007ffd531d0000 - 0x00007ffd531e2000 	C:\WINDOWS\SYSTEM32\UMPDC.dll
0x00007ffd51c70000 - 0x00007ffd51c82000 	C:\WINDOWS\SYSTEM32\kernel.appcore.dll
0x00007ffd45950000 - 0x00007ffd4595a000 	c:\Users\hario\.vscode\extensions\redhat.java-1.25.1-win32-x64\jre\17.0.9-win32-x86_64\bin\jimage.dll
0x00007ffd43770000 - 0x00007ffd43954000 	C:\WINDOWS\SYSTEM32\DBGHELP.DLL
0x00007ffd3edc0000 - 0x00007ffd3edf4000 	C:\WINDOWS\SYSTEM32\dbgcore.DLL
0x00007ffd54590000 - 0x00007ffd54612000 	C:\WINDOWS\System32\bcryptPrimitives.dll
0x00007ffd45810000 - 0x00007ffd4581e000 	c:\Users\hario\.vscode\extensions\redhat.java-1.25.1-win32-x64\jre\17.0.9-win32-x86_64\bin\instrument.dll
0x00007ffd374f0000 - 0x00007ffd37515000 	c:\Users\hario\.vscode\extensions\redhat.java-1.25.1-win32-x64\jre\17.0.9-win32-x86_64\bin\java.dll
0x00007ffd37440000 - 0x00007ffd37458000 	c:\Users\hario\.vscode\extensions\redhat.java-1.25.1-win32-x64\jre\17.0.9-win32-x86_64\bin\zip.dll

dbghelp: loaded successfully - version: 4.0.5 - missing functions: none
symbol engine: initialized successfully - sym options: 0x614 - pdb path: .;c:\Users\hario\.vscode\extensions\redhat.java-1.25.1-win32-x64\jre\17.0.9-win32-x86_64\bin;C:\WINDOWS\SYSTEM32;C:\WINDOWS\WinSxS\amd64_microsoft.windows.common-controls_6595b64144ccf1df_6.0.19041.3636_none_60b6a03d71f818d5;C:\WINDOWS\system32\tmumh\20019\AddOn\8.55.0.1275;C:\WINDOWS\system32\tmumh\20019\TmMon\2.9.0.1100;c:\Users\hario\.vscode\extensions\redhat.java-1.25.1-win32-x64\jre\17.0.9-win32-x86_64\bin\server

VM Arguments:
jvm_args: --add-modules=ALL-SYSTEM --add-opens=java.base/java.util=ALL-UNNAMED --add-opens=java.base/java.lang=ALL-UNNAMED --add-opens=java.base/sun.nio.fs=ALL-UNNAMED -Declipse.application=org.eclipse.jdt.ls.core.id1 -Dosgi.bundles.defaultStartLevel=4 -Declipse.product=org.eclipse.jdt.ls.core.product -Djava.import.generatesMetadataFilesAtProjectRoot=false -DDetectVMInstallationsJob.disabled=true -Dfile.encoding=shiftjis -XX:+UseParallelGC -XX:GCTimeRatio=4 -XX:AdaptiveSizePolicyWeight=90 -Dsun.zip.disableMemoryMapping=true -Xmx1G -Xms100m -Xlog:disable -javaagent:c:\Users\hario\.vscode\extensions\redhat.java-1.25.1-win32-x64\lombok\lombok-1.18.30.jar 
java_command: c:\Users\hario\.vscode\extensions\redhat.java-1.25.1-win32-x64\server\plugins\org.eclipse.equinox.launcher_1.6.600.v20231106-1826.jar -configuration c:\Users\hario\AppData\Roaming\Code\User\globalStorage\redhat.java\1.25.1\config_ss_win -data c:\Users\hario\AppData\Roaming\Code\User\workspaceStorage\e01b387a9d3246638b8d7eb085790fa4\redhat.java\ss_ws --stdio
java_class_path (initial): c:\Users\hario\.vscode\extensions\redhat.java-1.25.1-win32-x64\server\plugins\org.eclipse.equinox.launcher_1.6.600.v20231106-1826.jar
Launcher Type: SUN_STANDARD

[Global flags]
    uintx AdaptiveSizePolicyWeight                 = 90                                        {product} {command line}
     intx CICompilerCount                          = 4                                         {product} {ergonomic}
    uintx GCTimeRatio                              = 4                                         {product} {command line}
   size_t InitialHeapSize                          = 104857600                                 {product} {command line}
   size_t MaxHeapSize                              = 1073741824                                {product} {command line}
   size_t MaxNewSize                               = 357564416                                 {product} {ergonomic}
   size_t MinHeapDeltaBytes                        = 524288                                    {product} {ergonomic}
   size_t MinHeapSize                              = 104857600                                 {product} {command line}
   size_t NewSize                                  = 34603008                                  {product} {ergonomic}
    uintx NonNMethodCodeHeapSize                   = 5839372                                {pd product} {ergonomic}
    uintx NonProfiledCodeHeapSize                  = 122909434                              {pd product} {ergonomic}
   size_t OldSize                                  = 70254592                                  {product} {ergonomic}
    uintx ProfiledCodeHeapSize                     = 122909434                              {pd product} {ergonomic}
    uintx ReservedCodeCacheSize                    = 251658240                              {pd product} {ergonomic}
     bool SegmentedCodeCache                       = true                                      {product} {ergonomic}
   size_t SoftMaxHeapSize                          = 1073741824                             {manageable} {ergonomic}
     bool UseCompressedClassPointers               = true                           {product lp64_product} {ergonomic}
     bool UseCompressedOops                        = true                           {product lp64_product} {ergonomic}
     bool UseLargePagesIndividualAllocation        = false                                  {pd product} {ergonomic}
     bool UseParallelGC                            = true                                      {product} {command line}

Logging:
Log output configuration:
 #0: stdout all=off uptime,level,tags
 #1: stderr all=off uptime,level,tags

Environment Variables:
CLASSPATH=.; C:\workspace\hinotori_wakisaka\Java_DBProgramming\mysql-connector-java-8.0.26.jar
PATH=C:\Program Files (x86)\Razer Chroma SDK\bin;C:\Program Files\Razer Chroma SDK\bin;C:\Program Files (x86)\Intel\iCLS Client\;C:\Program Files\Intel\iCLS Client\;C:\Windows\system32;C:\Windows;C:\Windows\System32\Wbem;C:\Windows\System32\WindowsPowerShell\v1.0\;C:\Program Files (x86)\Intel\Intel(R) Management Engine Components\DAL;C:\Program Files\Intel\Intel(R) Management Engine Components\DAL;C:\Program Files (x86)\Intel\Intel(R) Management Engine Components\IPT;C:\Program Files\Intel\Intel(R) Management Engine Components\IPT;C:\Program Files (x86)\NVIDIA Corporation\PhysX\Common;C:\Users\Administrator\AppData\Local\Microsoft\WindowsApps;C:\WINDOWS\system32;C:\WINDOWS;C:\WINDOWS\System32\Wbem;C:\WINDOWS\System32\WindowsPowerShell\v1.0\;C:\WINDOWS\System32\OpenSSH\;C:\Program Files (x86)\dotnet\C:\ProgramData\ComposerSetup\bin;C:\Program Files\nodejs\;C:\Program Files\Git\cmd;C:\Program Files\MySQL\MySQL Server 8.0\bin;C:\Vc7\bin;C:\Program Files\LLVM\bin;C:\tool\java8\bin;;C:\Program Files\NVIDIA Corporation\NVIDIA NvDLISR;C:\Users\hario\AppData\Local\Microsoft\WindowsApps;;C:\Users\hario\AppData\Local\Programs\Microsoft VS Code\bin;C:\Users\hario\AppData\Roaming\Composer\vendor\bin;C:\Users\hario\AppData\Roaming\npm
USERNAME=hario
OS=Windows_NT
PROCESSOR_IDENTIFIER=Intel64 Family 6 Model 158 Stepping 9, GenuineIntel
TMP=C:\Users\hario\AppData\Local\Temp
TEMP=C:\Users\hario\AppData\Local\Temp



Periodic native trim disabled


---------------  S Y S T E M  ---------------

OS:
 Windows 10 , 64 bit Build 19041 (10.0.19041.3636)
OS uptime: 0 days 22:54 hours

CPU: total 8 (initial active 8) (4 cores per cpu, 2 threads per core) family 6 model 158 stepping 9 microcode 0xb4, cx8, cmov, fxsr, ht, mmx, 3dnowpref, sse, sse2, sse3, ssse3, sse4.1, sse4.2, popcnt, lzcnt, tsc, tscinvbit, avx, avx2, aes, erms, clmul, bmi1, bmi2, adx, fma, vzeroupper, clflush, clflushopt
Processor Information for all 8 processors :
  Max Mhz: 2801, Current Mhz: 2801, Mhz Limit: 2801

Memory: 4k page, system-wide physical 16275M (5100M free)
TotalPageFile size 45169M (AvailPageFile size 4M)
current process WorkingSet (physical memory assigned to process): 19M, peak: 19M
current process commit charge ("private bytes"): 166M, peak: 167M

vm_info: OpenJDK 64-Bit Server VM (17.0.9+9) for windows-amd64 JRE (17.0.9+9), built on Oct 26 2023 14:01:42 by "admin" with MS VC++ 16.10 / 16.11 (VS2019)

END.
